<?xml version="1.0" encoding="UTF-8"?>
<testng-results ignored="0" total="3" passed="2" failed="1" skipped="0">
  <reporter-output>
  </reporter-output>
  <suite started-at="2021-10-07T12:09:11 IST" name="Default suite" finished-at="2021-10-07T12:09:38 IST" duration-ms="27553">
    <groups>
    </groups>
    <test started-at="2021-10-07T12:09:11 IST" name="Default test" finished-at="2021-10-07T12:09:38 IST" duration-ms="27553">
      <class name="mvn.mvnproject.Rediff">
        <test-method is-config="true" signature="setExtent()[pri:0, instance:mvn.mvnproject.Rediff@21de60b4]" started-at="2021-10-07T12:09:11 IST" name="setExtent" finished-at="2021-10-07T12:09:11 IST" duration-ms="114" status="PASS">
          <reporter-output>
          </reporter-output>
        </test-method> <!-- setExtent -->
        <test-method is-config="true" signature="setup()[pri:0, instance:mvn.mvnproject.Rediff@21de60b4]" started-at="2021-10-07T12:09:11 IST" name="setup" finished-at="2021-10-07T12:09:18 IST" duration-ms="7379" status="PASS">
          <reporter-output>
          </reporter-output>
        </test-method> <!-- setup -->
        <test-method signature="RediffLoginTest()[pri:0, instance:mvn.mvnproject.Rediff@21de60b4]" started-at="2021-10-07T12:09:18 IST" name="RediffLoginTest" finished-at="2021-10-07T12:09:18 IST" duration-ms="29" status="PASS">
          <reporter-output>
          </reporter-output>
        </test-method> <!-- RediffLoginTest -->
        <test-method is-config="true" signature="tearDown(org.testng.ITestResult)[pri:0, instance:mvn.mvnproject.Rediff@21de60b4]" started-at="2021-10-07T12:09:18 IST" name="tearDown" finished-at="2021-10-07T12:09:18 IST" duration-ms="251" status="PASS">
          <params>
            <param index="0">
              <value>
                <![CDATA[[TestResult name=RediffLoginTest status=SUCCESS method=Rediff.RediffLoginTest()[pri:0, instance:mvn.mvnproject.Rediff@21de60b4] output={null}]]]>
              </value>
            </param>
          </params>
          <reporter-output>
          </reporter-output>
        </test-method> <!-- tearDown -->
        <test-method is-config="true" signature="setup()[pri:0, instance:mvn.mvnproject.Rediff@21de60b4]" started-at="2021-10-07T12:09:18 IST" name="setup" finished-at="2021-10-07T12:09:25 IST" duration-ms="6857" status="PASS">
          <reporter-output>
          </reporter-output>
        </test-method> <!-- setup -->
        <test-method signature="RediffSignUpVisibleTest()[pri:0, instance:mvn.mvnproject.Rediff@21de60b4]" started-at="2021-10-07T12:09:25 IST" name="RediffSignUpVisibleTest" finished-at="2021-10-07T12:09:25 IST" duration-ms="49" status="PASS">
          <reporter-output>
          </reporter-output>
        </test-method> <!-- RediffSignUpVisibleTest -->
        <test-method is-config="true" signature="tearDown(org.testng.ITestResult)[pri:0, instance:mvn.mvnproject.Rediff@21de60b4]" started-at="2021-10-07T12:09:25 IST" name="tearDown" finished-at="2021-10-07T12:09:26 IST" duration-ms="189" status="PASS">
          <params>
            <param index="0">
              <value>
                <![CDATA[[TestResult name=RediffSignUpVisibleTest status=SUCCESS method=Rediff.RediffSignUpVisibleTest()[pri:0, instance:mvn.mvnproject.Rediff@21de60b4] output={null}]]]>
              </value>
            </param>
          </params>
          <reporter-output>
          </reporter-output>
        </test-method> <!-- tearDown -->
        <test-method is-config="true" signature="setup()[pri:0, instance:mvn.mvnproject.Rediff@21de60b4]" started-at="2021-10-07T12:09:26 IST" name="setup" finished-at="2021-10-07T12:09:37 IST" duration-ms="11622" status="PASS">
          <reporter-output>
          </reporter-output>
        </test-method> <!-- setup -->
        <test-method signature="ReediffTitleTest()[pri:0, instance:mvn.mvnproject.Rediff@21de60b4]" started-at="2021-10-07T12:09:37 IST" name="ReediffTitleTest" finished-at="2021-10-07T12:09:37 IST" duration-ms="14" status="FAIL">
          <exception class="java.lang.AssertionError">
            <message>
              <![CDATA[expected [Rediff.com] but found [Rediff.com: News | Rediffmail | Stock Quotes | Shopping]]]>
            </message>
            <full-stacktrace>
              <![CDATA[java.lang.AssertionError: expected [Rediff.com] but found [Rediff.com: News | Rediffmail | Stock Quotes | Shopping]
at org.testng.Assert.fail(Assert.java:99)
at org.testng.Assert.failNotEquals(Assert.java:1037)
at org.testng.Assert.assertEqualsImpl(Assert.java:140)
at org.testng.Assert.assertEquals(Assert.java:122)
at org.testng.Assert.assertEquals(Assert.java:629)
at org.testng.Assert.assertEquals(Assert.java:639)
at mvn.mvnproject.Rediff.ReediffTitleTest(Rediff.java:100)
at java.base/jdk.internal.reflect.NativeMethodAccessorImpl.invoke0(Native Method)
at java.base/jdk.internal.reflect.NativeMethodAccessorImpl.invoke(NativeMethodAccessorImpl.java:78)
at java.base/jdk.internal.reflect.DelegatingMethodAccessorImpl.invoke(DelegatingMethodAccessorImpl.java:43)
at java.base/java.lang.reflect.Method.invoke(Method.java:567)
at org.testng.internal.MethodInvocationHelper.invokeMethod(MethodInvocationHelper.java:133)
at org.testng.internal.TestInvoker.invokeMethod(TestInvoker.java:598)
at org.testng.internal.TestInvoker.invokeTestMethod(TestInvoker.java:173)
at org.testng.internal.MethodRunner.runInSequence(MethodRunner.java:46)
at org.testng.internal.TestInvoker$MethodInvocationAgent.invoke(TestInvoker.java:824)
at org.testng.internal.TestInvoker.invokeTestMethods(TestInvoker.java:146)
at org.testng.internal.TestMethodWorker.invokeTestMethods(TestMethodWorker.java:146)
at org.testng.internal.TestMethodWorker.run(TestMethodWorker.java:128)
at java.base/java.util.ArrayList.forEach(ArrayList.java:1511)
at org.testng.TestRunner.privateRun(TestRunner.java:794)
at org.testng.TestRunner.run(TestRunner.java:596)
at org.testng.SuiteRunner.runTest(SuiteRunner.java:377)
at org.testng.SuiteRunner.runSequentially(SuiteRunner.java:371)
at org.testng.SuiteRunner.privateRun(SuiteRunner.java:332)
at org.testng.SuiteRunner.run(SuiteRunner.java:276)
at org.testng.SuiteRunnerWorker.runSuite(SuiteRunnerWorker.java:53)
at org.testng.SuiteRunnerWorker.run(SuiteRunnerWorker.java:96)
at org.testng.TestNG.runSuitesSequentially(TestNG.java:1212)
at org.testng.TestNG.runSuitesLocally(TestNG.java:1134)
at org.testng.TestNG.runSuites(TestNG.java:1063)
at org.testng.TestNG.run(TestNG.java:1031)
at org.testng.remote.AbstractRemoteTestNG.run(AbstractRemoteTestNG.java:115)
at org.testng.remote.RemoteTestNG.initAndRun(RemoteTestNG.java:251)
at org.testng.remote.RemoteTestNG.main(RemoteTestNG.java:77)
]]>
            </full-stacktrace>
          </exception> <!-- java.lang.AssertionError -->
          <reporter-output>
          </reporter-output>
        </test-method> <!-- ReediffTitleTest -->
        <test-method is-config="true" signature="tearDown(org.testng.ITestResult)[pri:0, instance:mvn.mvnproject.Rediff@21de60b4]" started-at="2021-10-07T12:09:37 IST" name="tearDown" finished-at="2021-10-07T12:09:38 IST" duration-ms="699" status="PASS">
          <params>
            <param index="0">
              <value>
                <![CDATA[[TestResult name=ReediffTitleTest status=FAILURE method=Rediff.ReediffTitleTest()[pri:0, instance:mvn.mvnproject.Rediff@21de60b4] output={null}]]]>
              </value>
            </param>
          </params>
          <reporter-output>
          </reporter-output>
        </test-method> <!-- tearDown -->
        <test-method is-config="true" signature="endReport()[pri:0, instance:mvn.mvnproject.Rediff@21de60b4]" started-at="2021-10-07T12:09:38 IST" name="endReport" finished-at="2021-10-07T12:09:38 IST" duration-ms="308" status="PASS">
          <reporter-output>
          </reporter-output>
        </test-method> <!-- endReport -->
      </class> <!-- mvn.mvnproject.Rediff -->
    </test> <!-- Default test -->
  </suite> <!-- Default suite -->
</testng-results>
